[2026-01-23 12:05:01] =========================================
[2026-01-23 12:05:01] СИНХРОНИЗАЦИЯ ЛОГОВ С GIT
[2026-01-23 12:05:01] =========================================
[2026-01-23 12:05:01] [1/5] Получение изменений с сервера...
From https://github.com/Niyaz-313/trading_bot
 * branch            main       -> FETCH_HEAD
   63d4cc8..5e3017a  main       -> origin/main
Updating 63d4cc8..5e3017a
Fast-forward
 main.py                                            | 52 +++++++++++++++++++--
 ...234\320\233\320\225\320\235\320\230\320\231.md" | 54 ++++++++++++++++++++++
 2 files changed, 101 insertions(+), 5 deletions(-)
 create mode 100644 "\320\230\320\241\320\237\320\240\320\220\320\222\320\233\320\225\320\235\320\230\320\225_TELEGRAM_\320\243\320\222\320\225\320\224\320\236\320\234\320\233\320\225\320\235\320\230\320\231.md"
[2026-01-23 12:05:02] [2/5] Проверка изменений...
[2026-01-23 12:05:02] Найдено изменений: 6 файлов
[2026-01-23 12:05:02] [3/5] Измененные файлы:
 M audit_logs/trades_audit.csv
 M audit_logs/trades_audit.jsonl
 M logs/bot_error.log
 M logs/git_sync.log
 M logs/trading_bot.log
?? logs/cron_sync.log
[2026-01-23 12:05:02] [4/5] Добавление логов в git...
